<<<<<<< HEAD
Custom Log2022/10/10 16:02:03 password already exists
Custom Log2022/10/11 08:53:10 password already exists
Custom Log2022/10/11 08:54:22 pq: syntax error at or near "content"
Custom Log2022/10/11 08:54:36 pq: syntax error at or near "content"
Custom Log2022/10/11 08:54:59 pq: syntax error at or near "content"
Custom Log2022/10/11 08:55:05 pq: syntax error at or near "content"
Custom Log2022/10/11 08:55:35 pq: syntax error at or near "content"
Custom Log2022/10/11 08:55:52 pq: syntax error at or near "content"
Custom Log2022/10/11 08:56:57 pq: syntax error at or near "5483"
Custom Log2022/10/11 09:41:49 pq: syntax error at or near "content"
Custom Log2022/10/11 09:42:08 pq: syntax error at or near "content"
Custom Log2022/10/11 09:42:29 pq: syntax error at or near "content"
Custom Log2022/10/11 09:44:25 pq: syntax error at or near "content"
Custom Log2022/10/11 09:44:42 pq: syntax error at or near "content"
Custom Log2022/10/11 09:45:09 pq: syntax error at or near "WHERE"
Custom Log2022/10/11 09:46:43 pq: syntax error at or near "content"
Custom Log2022/10/11 09:47:07 pq: syntax error at or near "content"
Custom Log2022/10/11 09:47:31 pq: syntax error at or near "content"
Custom Log2022/10/11 09:49:39 pq: syntax error at or near "WHERE"
Custom Log2022/10/11 09:50:00 pq: syntax error at or near "content"
=======
Custom Log2022/10/10 15:34:55 pq: syntax error at or near "content"
Custom Log2022/10/10 15:36:13 pq: syntax error at or near "content"
Custom Log2022/10/10 15:36:25 pq: syntax error at or near "content"
Custom Log2022/10/10 15:36:28 pq: syntax error at or near "content"
Custom Log2022/10/10 15:36:33 pq: syntax error at or near "content"
Custom Log2022/10/10 15:41:32 password already exists
Custom Log2022/10/10 15:41:48 password already exists
Custom Log2022/10/10 15:41:57 password already exists
Custom Log2022/10/10 15:42:47 password already exists
Custom Log2022/10/11 20:26:13 password already exists
Custom Log2022/10/11 20:27:05 password already exists
>>>>>>> 333525b69f92f72601abac69f3a10ba4fa3afc35
